[14:43:30.237] [INFO   ] thread bguspl.set.Main.main() starting.
[14:43:30.271] [SEVERE ] cannot read configuration file config.properties trying from resources.
[14:43:30.271] [SEVERE ] configuration file was loaded from resources directory.
[14:43:31.349] [INFO   ] thread dealer starting.
[14:43:31.349] [INFO   ] thread dealer starting.
[14:43:31.468] [SEVERE ] placing card 19 in slot 0
[14:43:31.579] [SEVERE ] placing card 38 in slot 1
[14:43:31.681] [SEVERE ] placing card 58 in slot 2
[14:43:31.783] [SEVERE ] placing card 34 in slot 3
[14:43:31.886] [SEVERE ] placing card 77 in slot 4
[14:43:32.003] [SEVERE ] placing card 37 in slot 5
[14:43:32.115] [SEVERE ] placing card 45 in slot 6
[14:43:32.219] [SEVERE ] placing card 76 in slot 7
[14:43:32.329] [SEVERE ] placing card 44 in slot 8
[14:43:32.440] [SEVERE ] placing card 2 in slot 9
[14:43:32.551] [SEVERE ] placing card 8 in slot 10
[14:43:32.661] [SEVERE ] placing card 6 in slot 11
[14:43:34.256] [SEVERE ] key 67 was pressed by player 1
[14:43:34.256] [SEVERE ] player 1 placing token on slot 10
[14:43:36.720] [SEVERE ] key 88 was pressed by player 1
[14:43:36.721] [SEVERE ] player 1 placing token on slot 9
[14:43:39.154] [SEVERE ] key 90 was pressed by player 1
[14:43:39.154] [SEVERE ] player 1 placing token on slot 8
[14:43:40.071] [SEVERE ] key 88 was pressed by player 1
[14:43:40.083] [SEVERE ] removing player 1 token from slot 9
[14:43:40.110] [SEVERE ] key 90 was pressed by player 1
[14:43:40.110] [SEVERE ] removing player 1 token from slot 8
[14:43:40.443] [SEVERE ] key 83 was pressed by player 1
[14:43:40.443] [SEVERE ] player 1 placing token on slot 5
[14:43:40.702] [SEVERE ] key 83 was pressed by player 1
[14:43:40.702] [SEVERE ] removing player 1 token from slot 5
[14:43:40.916] [SEVERE ] key 83 was pressed by player 1
[14:43:40.916] [SEVERE ] player 1 placing token on slot 5
[14:43:41.160] [SEVERE ] key 83 was pressed by player 1
[14:43:41.161] [SEVERE ] removing player 1 token from slot 5
[14:43:41.957] [SEVERE ] key 67 was pressed by player 1
[14:43:41.957] [SEVERE ] removing player 1 token from slot 10
[14:43:42.335] [SEVERE ] key 67 was pressed by player 1
[14:43:42.335] [SEVERE ] player 1 placing token on slot 10
[14:43:42.697] [SEVERE ] key 88 was pressed by player 1
[14:43:42.697] [SEVERE ] player 1 placing token on slot 9
[14:43:42.846] [SEVERE ] key 90 was pressed by player 1
[14:43:42.846] [SEVERE ] player 1 placing token on slot 8
[14:43:43.291] [SEVERE ] key 90 was pressed by player 1
[14:43:43.292] [SEVERE ] removing player 1 token from slot 8
[14:43:43.742] [SEVERE ] key 90 was pressed by player 1
[14:43:43.743] [SEVERE ] player 1 placing token on slot 8
[14:43:44.190] [SEVERE ] key 83 was pressed by player 1
[14:43:44.635] [SEVERE ] key 83 was pressed by player 1
[14:43:45.038] [SEVERE ] key 68 was pressed by player 1
[14:43:45.379] [SEVERE ] key 67 was pressed by player 1
[14:43:45.379] [SEVERE ] removing player 1 token from slot 10
[14:43:45.454] [SEVERE ] key 88 was pressed by player 1
[14:43:45.455] [SEVERE ] removing player 1 token from slot 9
[14:43:45.652] [SEVERE ] key 67 was pressed by player 1
[14:43:45.652] [SEVERE ] player 1 placing token on slot 10
[14:43:46.070] [SEVERE ] key 67 was pressed by player 1
[14:43:46.070] [SEVERE ] removing player 1 token from slot 10
[14:43:46.423] [SEVERE ] key 88 was pressed by player 1
[14:43:46.423] [SEVERE ] player 1 placing token on slot 9
[14:43:46.511] [SEVERE ] key 67 was pressed by player 1
[14:43:46.511] [SEVERE ] player 1 placing token on slot 10
[14:43:46.675] [SEVERE ] key 90 was pressed by player 1
[14:43:46.675] [SEVERE ] removing player 1 token from slot 8
[14:43:47.044] [SEVERE ] key 88 was pressed by player 1
[14:43:47.045] [SEVERE ] removing player 1 token from slot 9
[14:43:47.435] [SEVERE ] key 67 was pressed by player 1
[14:43:47.436] [SEVERE ] removing player 1 token from slot 10
[14:43:47.796] [SEVERE ] key 67 was pressed by player 1
[14:43:47.796] [SEVERE ] player 1 placing token on slot 10
[14:43:48.100] [SEVERE ] key 88 was pressed by player 1
[14:43:48.100] [SEVERE ] player 1 placing token on slot 9
[14:43:48.263] [SEVERE ] key 90 was pressed by player 1
[14:43:48.264] [SEVERE ] player 1 placing token on slot 8
[14:43:48.518] [SEVERE ] key 88 was pressed by player 1
[14:43:48.519] [SEVERE ] removing player 1 token from slot 9
[14:43:48.866] [SEVERE ] key 88 was pressed by player 1
[14:43:48.867] [SEVERE ] player 1 placing token on slot 9
[14:43:49.093] [SEVERE ] key 67 was pressed by player 1
[14:43:49.094] [SEVERE ] removing player 1 token from slot 10
[14:43:49.349] [SEVERE ] key 88 was pressed by player 1
[14:43:49.349] [SEVERE ] removing player 1 token from slot 9
[14:43:49.416] [SEVERE ] key 67 was pressed by player 1
[14:43:49.423] [SEVERE ] player 1 placing token on slot 10
[14:43:49.560] [SEVERE ] key 90 was pressed by player 1
[14:43:49.561] [SEVERE ] removing player 1 token from slot 8
[14:43:49.817] [SEVERE ] key 67 was pressed by player 1
[14:43:49.817] [SEVERE ] removing player 1 token from slot 10
[14:43:50.245] [SEVERE ] key 88 was pressed by player 1
[14:43:50.245] [SEVERE ] player 1 placing token on slot 9
[14:43:50.386] [SEVERE ] key 90 was pressed by player 1
[14:43:50.387] [SEVERE ] player 1 placing token on slot 8
[14:43:50.622] [SEVERE ] key 90 was pressed by player 1
[14:43:50.623] [SEVERE ] removing player 1 token from slot 8
[14:43:51.055] [SEVERE ] key 88 was pressed by player 1
[14:43:51.056] [SEVERE ] removing player 1 token from slot 9
[14:43:51.352] [SEVERE ] key 67 was pressed by player 1
[14:43:51.353] [SEVERE ] player 1 placing token on slot 10
[14:43:51.649] [SEVERE ] key 67 was pressed by player 1
[14:43:51.649] [SEVERE ] removing player 1 token from slot 10
[14:43:52.198] [SEVERE ] key 67 was pressed by player 1
[14:43:52.198] [SEVERE ] player 1 placing token on slot 10
[14:43:52.503] [SEVERE ] key 70 was pressed by player 1
[14:43:52.503] [SEVERE ] player 1 placing token on slot 7
[14:43:52.892] [SEVERE ] key 70 was pressed by player 1
[14:43:52.892] [SEVERE ] removing player 1 token from slot 7
[14:43:53.239] [SEVERE ] key 70 was pressed by player 1
[14:43:53.239] [SEVERE ] player 1 placing token on slot 7
[14:43:54.050] [SEVERE ] key 70 was pressed by player 1
[14:43:54.051] [SEVERE ] removing player 1 token from slot 7
[14:43:54.559] [SEVERE ] key 68 was pressed by player 1
[14:43:54.559] [SEVERE ] player 1 placing token on slot 6
[14:43:56.308] [SEVERE ] key 46 was pressed by player 2
[14:43:56.309] [SEVERE ] player 2 placing token on slot 10
[14:43:57.086] [SEVERE ] key 46 was pressed by player 2
[14:43:57.086] [SEVERE ] removing player 2 token from slot 10
[14:43:57.263] [SEVERE ] key 65 was pressed by player 1
[14:43:57.264] [SEVERE ] player 1 placing token on slot 4
[14:43:57.403] [SEVERE ] key 83 was pressed by player 1
[14:43:57.505] [SEVERE ] key 65 was pressed by player 1
[14:43:57.505] [SEVERE ] removing player 1 token from slot 4
[14:43:57.622] [SEVERE ] key 83 was pressed by player 1
[14:43:57.622] [SEVERE ] player 1 placing token on slot 5
[14:43:57.822] [SEVERE ] key 81 was pressed by player 1
[14:43:58.254] [SEVERE ] key 65 was pressed by player 1
[14:43:58.681] [SEVERE ] key 90 was pressed by player 1
[14:43:58.848] [SEVERE ] key 88 was pressed by player 1
[14:43:58.952] [SEVERE ] key 90 was pressed by player 1
[14:43:59.176] [SEVERE ] key 65 was pressed by player 1
[14:43:59.375] [SEVERE ] key 88 was pressed by player 1
[14:43:59.916] [SEVERE ] key 83 was pressed by player 1
[14:43:59.916] [SEVERE ] removing player 1 token from slot 5
[14:44:02.697] [SEVERE ] key 83 was pressed by player 1
[14:44:02.698] [SEVERE ] player 1 placing token on slot 5
[14:44:02.822] [SEVERE ] key 88 was pressed by player 1
[14:44:03.189] [SEVERE ] key 83 was pressed by player 1
[14:44:03.190] [SEVERE ] removing player 1 token from slot 5
[14:44:03.344] [SEVERE ] key 88 was pressed by player 1
[14:44:03.345] [SEVERE ] player 1 placing token on slot 9
[14:44:03.417] [SEVERE ] key 83 was pressed by player 1
[14:44:04.624] [SEVERE ] exit button pressed
