[18:03:45.704] [INFO   ] thread bguspl.set.Main.main() starting.
[18:03:45.726] [SEVERE ] cannot read configuration file config.properties trying from resources.
[18:03:45.726] [SEVERE ] configuration file was loaded from resources directory.
[18:03:48.108] [INFO   ] thread dealer starting.
[18:03:48.109] [INFO   ] thread dealer starting.
[18:03:48.231] [SEVERE ] placing card 64 in slot 0
[18:03:48.372] [SEVERE ] placing card 67 in slot 1
[18:03:48.479] [SEVERE ] placing card 23 in slot 2
[18:03:48.588] [SEVERE ] placing card 26 in slot 3
[18:03:48.698] [SEVERE ] placing card 12 in slot 4
[18:03:48.806] [SEVERE ] placing card 75 in slot 5
[18:03:48.915] [SEVERE ] placing card 34 in slot 6
[18:03:49.026] [SEVERE ] placing card 48 in slot 7
[18:03:49.133] [SEVERE ] placing card 60 in slot 8
[18:03:49.242] [SEVERE ] placing card 66 in slot 9
[18:03:49.350] [SEVERE ] placing card 51 in slot 10
[18:03:49.458] [SEVERE ] placing card 10 in slot 11
[18:04:17.112] [SEVERE ] key 46 was pressed by player 2
[18:04:17.112] [SEVERE ] player 2 placing token on slot 10
[18:04:17.816] [SEVERE ] key 88 was pressed by player 1
[18:04:17.817] [SEVERE ] player 1 placing token on slot 9
[18:04:19.101] [SEVERE ] key 59 was pressed by player 2
[18:04:19.101] [SEVERE ] player 2 placing token on slot 7
[18:04:20.964] [SEVERE ] key 80 was pressed by player 2
[18:04:20.964] [SEVERE ] player 2 placing token on slot 3
[18:04:20.983] [SEVERE ] key 79 was pressed by player 2
[18:04:21.833] [SEVERE ] key 80 was pressed by player 2
[18:04:21.835] [SEVERE ] removing player 2 token from slot 3
[18:04:22.022] [SEVERE ] key 80 was pressed by player 2
[18:04:22.023] [SEVERE ] player 2 placing token on slot 3
[18:04:22.227] [SEVERE ] key 80 was pressed by player 2
[18:04:22.228] [SEVERE ] removing player 2 token from slot 3
[18:04:22.476] [SEVERE ] key 80 was pressed by player 2
[18:04:22.476] [SEVERE ] player 2 placing token on slot 3
[18:04:22.821] [SEVERE ] key 80 was pressed by player 2
[18:04:22.821] [SEVERE ] removing player 2 token from slot 3
[18:04:23.281] [SEVERE ] key 80 was pressed by player 2
[18:04:23.282] [SEVERE ] player 2 placing token on slot 3
[18:04:24.464] [SEVERE ] key 79 was pressed by player 2
[18:04:24.689] [SEVERE ] key 79 was pressed by player 2
[18:04:24.880] [SEVERE ] key 79 was pressed by player 2
[18:04:25.052] [SEVERE ] key 79 was pressed by player 2
[18:04:25.394] [SEVERE ] key 80 was pressed by player 2
[18:04:25.395] [SEVERE ] removing player 2 token from slot 3
[18:04:25.823] [SEVERE ] key 80 was pressed by player 2
[18:04:25.823] [SEVERE ] player 2 placing token on slot 3
[18:04:26.570] [SEVERE ] key 80 was pressed by player 2
[18:04:26.570] [SEVERE ] removing player 2 token from slot 3
[18:04:26.911] [SEVERE ] key 80 was pressed by player 2
[18:04:26.911] [SEVERE ] player 2 placing token on slot 3
[18:04:27.786] [SEVERE ] key 80 was pressed by player 2
[18:04:27.786] [SEVERE ] removing player 2 token from slot 3
[18:04:28.302] [SEVERE ] key 76 was pressed by player 2
[18:04:28.303] [SEVERE ] player 2 placing token on slot 6
[18:04:28.581] [SEVERE ] key 76 was pressed by player 2
[18:04:28.582] [SEVERE ] removing player 2 token from slot 6
[18:04:28.856] [SEVERE ] key 76 was pressed by player 2
[18:04:28.856] [SEVERE ] player 2 placing token on slot 6
[18:04:29.205] [SEVERE ] key 76 was pressed by player 2
[18:04:29.205] [SEVERE ] removing player 2 token from slot 6
[18:04:29.682] [SEVERE ] key 88 was pressed by player 1
[18:04:29.682] [SEVERE ] removing player 1 token from slot 9
[18:04:29.803] [SEVERE ] key 67 was pressed by player 1
[18:04:29.804] [SEVERE ] player 1 placing token on slot 10
[18:04:29.961] [SEVERE ] key 88 was pressed by player 1
[18:04:29.962] [SEVERE ] player 1 placing token on slot 9
[18:04:30.056] [SEVERE ] key 67 was pressed by player 1
[18:04:30.111] [SEVERE ] removing player 1 token from slot 10
[18:04:30.208] [SEVERE ] key 88 was pressed by player 1
[18:04:30.208] [SEVERE ] removing player 1 token from slot 9
[18:04:30.470] [SEVERE ] key 83 was pressed by player 1
[18:04:30.471] [SEVERE ] player 1 placing token on slot 5
[18:04:30.828] [SEVERE ] key 83 was pressed by player 1
[18:04:30.828] [SEVERE ] removing player 1 token from slot 5
[18:04:31.727] [SEVERE ] key 86 was pressed by player 1
[18:04:31.727] [SEVERE ] player 1 placing token on slot 11
[18:04:33.269] [SEVERE ] key 86 was pressed by player 1
[18:04:33.270] [SEVERE ] removing player 1 token from slot 11
[18:04:33.782] [SEVERE ] key 88 was pressed by player 1
[18:04:33.782] [SEVERE ] player 1 placing token on slot 9
[18:04:34.556] [SEVERE ] key 90 was pressed by player 1
[18:04:34.556] [SEVERE ] player 1 placing token on slot 8
[18:04:35.120] [SEVERE ] key 88 was pressed by player 1
[18:04:35.120] [SEVERE ] removing player 1 token from slot 9
[18:04:35.560] [SEVERE ] key 88 was pressed by player 1
[18:04:35.561] [SEVERE ] player 1 placing token on slot 9
[18:04:35.978] [SEVERE ] key 88 was pressed by player 1
[18:04:35.978] [SEVERE ] removing player 1 token from slot 9
[18:04:36.294] [SEVERE ] key 88 was pressed by player 1
[18:04:36.296] [SEVERE ] player 1 placing token on slot 9
[18:04:36.628] [SEVERE ] key 83 was pressed by player 1
[18:04:36.628] [SEVERE ] player 1 placing token on slot 5
[18:04:36.925] [SEVERE ] key 65 was pressed by player 1
[18:04:37.819] [SEVERE ] key 81 was pressed by player 1
[18:04:38.064] [SEVERE ] key 65 was pressed by player 1
[18:04:38.375] [SEVERE ] key 83 was pressed by player 1
[18:04:38.375] [SEVERE ] removing player 1 token from slot 5
[18:04:38.676] [SEVERE ] key 68 was pressed by player 1
[18:04:38.676] [SEVERE ] player 1 placing token on slot 6
[18:04:39.010] [SEVERE ] key 68 was pressed by player 1
[18:04:39.010] [SEVERE ] removing player 1 token from slot 6
[18:04:39.333] [SEVERE ] key 70 was pressed by player 1
[18:04:39.333] [SEVERE ] player 1 placing token on slot 7
[18:04:39.721] [SEVERE ] key 88 was pressed by player 1
[18:04:39.721] [SEVERE ] removing player 1 token from slot 9
[18:04:39.941] [SEVERE ] key 67 was pressed by player 1
[18:04:39.941] [SEVERE ] player 1 placing token on slot 10
[18:04:40.008] [SEVERE ] key 88 was pressed by player 1
[18:04:40.113] [SEVERE ] key 67 was pressed by player 1
[18:04:40.114] [SEVERE ] removing player 1 token from slot 10
[18:04:40.509] [SEVERE ] key 88 was pressed by player 1
[18:04:40.509] [SEVERE ] player 1 placing token on slot 9
[18:04:40.645] [SEVERE ] key 67 was pressed by player 1
[18:04:40.814] [SEVERE ] key 88 was pressed by player 1
[18:04:40.814] [SEVERE ] removing player 1 token from slot 9
[18:04:40.834] [SEVERE ] key 90 was pressed by player 1
[18:04:40.834] [SEVERE ] removing player 1 token from slot 8
[18:04:40.903] [SEVERE ] key 67 was pressed by player 1
[18:04:40.904] [SEVERE ] player 1 placing token on slot 10
[18:04:41.027] [SEVERE ] key 90 was pressed by player 1
[18:04:41.027] [SEVERE ] player 1 placing token on slot 8
[18:04:41.074] [SEVERE ] key 88 was pressed by player 1
[18:04:41.082] [SEVERE ] key 86 was pressed by player 1
[18:04:41.317] [SEVERE ] key 88 was pressed by player 1
[18:04:41.413] [SEVERE ] key 86 was pressed by player 1
[18:04:44.593] [SEVERE ] exit button pressed
